=========================================
SLURM_JOB_ID = 712090
SLURM_JOB_NODELIST = node20-12
SLURM_CPUS_ON_NODE = 4
SLURM_JOB_PARTITION = RT
SLURM_TASK_PID = 2347467
==========================================
ERROR on proc 0: Cannot open input script in.nve: No such file or directory (../lammps.cpp:520)
Last command: (unknown)
--------------------------------------------------------------------------
MPI_ABORT was invoked on rank 0 in communicator MPI_COMM_WORLD
with errorcode 1.

NOTE: invoking MPI_ABORT causes Open MPI to kill all MPI processes.
You may or may not see output from other processes, depending on
exactly when Open MPI kills them.
--------------------------------------------------------------------------
In: PMI_Abort(1, N/A)
srun: Job step aborted: Waiting up to 32 seconds for job step to finish.
slurmstepd: error: *** STEP 712090.0 ON node20-12 CANCELLED AT 2023-05-11T11:42:44 ***
srun: error: node20-12: task 0: Exited with exit code 1
