# Fix print output for fix print_msd
0 0 0
0.1 0.0388781894527138 0.0647969824205417
0.2 0.122683393825041 0.102236161520356
0.3 0.218228737053536 0.12123818725156
0.4 0.320713506938339 0.133630627890641
0.5 0.431486376999455 0.143828792332864
0.6 0.55029490951204 0.152859697086423
0.7 0.672026921627104 0.160006409910987
0.8 0.796405325535133 0.165917776152945
0.9 0.923531404352137 0.171024334139095
1 1.0501956617184 0.175032610286225
1.1 1.18246186329001 0.179160888377111
1.2 1.32388712306136 0.183873211536147
1.3 1.46556542427137 0.18789300311157
1.4 1.60668613857594 0.191272159354142
1.5 1.73575446396532 0.192861607107129
1.6 1.86444091467483 0.194212595278507
1.7 2.00300114655575 0.196372661426919
1.8 2.14570974119476 0.198676827888293
1.9 2.27975475346179 0.199978487145666
2 2.41612013774844 0.201343344812269
2.1 2.55110685617811 0.202468798109277
2.2 2.6751991660518 0.202666603488681
2.3 2.80761113780676 0.203450082449677
2.4 2.94160146156125 0.204277879275002
2.5 3.06998980384914 0.204665986923194
2.6 3.20295111631802 0.205317379251076
2.7 3.34205007660407 0.206299387444619
2.8 3.48500761609773 0.207440929529553
2.9 3.61870309802614 0.207971442415224
3 3.74603780419526 0.208113211344112
3.1 3.88126435469105 0.208670126596226
3.2 4.01704685379837 0.209221190301933
3.3 4.14443354712723 0.209314825612423
3.4 4.26942021903569 0.209285304854629
3.5 4.40207351544038 0.209622548354244
3.6 4.54587962997008 0.210457390276334
3.7 4.68624158172379 0.211091963140654
3.8 4.81729750685657 0.211284978370847
3.9 4.95640787479437 0.211812302341585
4 5.09319686081119 0.21221653586708
4.1 5.23265869568591 0.212709703076611
4.2 5.37113140783264 0.213140135231403
4.3 5.49738681400465 0.213077008294704
4.4 5.61986544870348 0.21287369123872
4.5 5.75110118852607 0.21300374772314
4.6 5.89205879588443 0.213480391155187
4.7 6.01572198718792 0.213323474722931
4.8 6.14313654471565 0.213303352247027
4.9 6.28168525698538 0.213662763842997
5 6.42042215731058 0.21401407191031
5.1 6.56654237335083 0.214592888017959
5.2 6.7070566875931 0.214969765627943
5.3 6.83668498890652 0.21499009399073
5.4 6.95873740652416 0.214775845880336
5.5 7.08838708610851 0.214799608669916
5.6 7.23534670132117 0.215337699444044
5.7 7.37877894915618 0.215753770443125
5.8 7.5174486865721 0.216018640418701
5.9 7.65081767267768 0.216124793013457
6 7.7953715473325 0.216538098536978
6.1 7.94897779403104 0.217185185629228
6.2 8.09409785928998 0.21758327578733
6.3 8.23867598337892 0.217954391094646
6.4 8.39202182361558 0.218542234989955
6.5 8.54832156943331 0.219187732549538
6.6 8.69115643312143 0.219473647301013
6.7 8.82379243017535 0.219497324133682
6.8 8.94912935483496 0.219341405755727
6.9 9.07260400586047 0.219145024296115
7 9.19884490049936 0.219020116678525
7.1 9.32827872694384 0.21897367903621
7.2 9.47088060098758 0.219233347245052
7.3 9.61107160576963 0.219430858579185
7.4 9.72747673334001 0.219087313813935
7.5 9.84824416044263 0.218849870232029
7.6 9.97482666710061 0.218746198839897
7.7 10.1273281271593 0.219206236518571
7.8 10.293265506409 0.219941570649737
7.9 10.455543656947 0.220581089808981
8 10.6137988243043 0.221120808839645
8.1 10.7757932109134 0.221724140142224
8.2 10.9368965003664 0.222294644316363
8.3 11.0851040922603 0.222592451651786
8.4 11.2192092132144 0.222603357405021
8.5 11.3311487750726 0.222179387746495
8.6 11.4336040315829 0.221581473480263
8.7 11.5542013116722 0.221344852714001
8.8 11.6890687511385 0.221383877862446
8.9 11.8265267671414 0.221470538710488
9 11.9659461115009 0.221591594657399
9.1 12.1100083957228 0.221795025562664
9.2 12.2492602506872 0.221906888599382
9.3 12.3942684711011 0.222119506650533
9.4 12.543576575029 0.22240383998276
9.5 12.702519444124 0.222851218317941
9.6 12.8364922245943 0.222855767788072
9.7 12.9771796633545 0.222975595590261
9.8 13.121812551315 0.223160077403294
9.9 13.2893933406889 0.223727160617636
10 13.4433096867261 0.224055161445413
Diffusivity estimate (MSD): 0.224055161445413
