# Fix print output for fix print_msd
0 0 0
0.1 0.0360241223659035 0.0600402039425721
0.2 0.112223229637676 0.0935193580309291
0.3 0.197889046510112 0.109938359171918
0.4 0.287635561331836 0.119848150554632
0.5 0.381035277886024 0.127011759295087
0.6 0.478260435761038 0.132850121044511
0.7 0.576780664528649 0.137328729649482
0.8 0.680472883800746 0.141765184124978
0.9 0.783003486301389 0.145000645611207
1 0.885491874669567 0.147581979111447
1.1 0.987591518295713 0.149635078529517
1.2 1.08418286202442 0.150580953058822
1.3 1.18409252140422 0.151806733513245
1.4 1.28864849343043 0.153410534932085
1.5 1.39840403027014 0.155378225585468
1.6 1.50545001287637 0.156817709674524
1.7 1.6093273613405 0.157777192288192
1.8 1.72065615531551 0.159320014380977
1.9 1.83056084785196 0.160575512969386
2 1.94119478845938 0.161766232371534
2.1 2.05093462601958 0.162772589366556
2.2 2.15979132403831 0.163620554851313
2.3 2.26943871859885 0.164452081057816
2.4 2.37217989442633 0.164734714890649
2.5 2.48790270826954 0.165860180551236
2.6 2.60714565846662 0.167124721696514
2.7 2.720991886991 0.167962462159876
2.8 2.83550682574954 0.168780168199317
2.9 2.94350182273988 0.169166771421774
3 3.05501419440077 0.169723010799986
3.1 3.16571482714602 0.170199721889516
3.2 3.27662242334753 0.170657417882631
3.3 3.39104716885564 0.171265008528011
3.4 3.50444530888112 0.171786534749024
3.5 3.61940347690543 0.172352546519257
3.6 3.74443381149762 0.173353417198916
3.7 3.8694776183259 0.174300793618237
3.8 3.99463726034271 0.175203388611476
3.9 4.11372009002576 0.17580000384721
4 4.23088935448118 0.176287056436672
4.1 4.34822549397101 0.176757133901217
4.2 4.46164251004671 0.177049305954192
4.3 4.5791523454804 0.177486525018579
4.4 4.68465724410353 0.177449138034184
4.5 4.80206312518533 0.177854189821639
4.6 4.92117343279304 0.178303385246086
4.7 5.03091840621744 0.178401361922566
4.8 5.13954814429567 0.178456532788007
4.9 5.2507404295081 0.178596613248538
5 5.37962767181311 0.179320922393734
5.1 5.51045059555591 0.180080084822053
5.2 5.63554988638184 0.18062659892246
5.3 5.76630252532975 0.181330268092096
5.4 5.88706727414602 0.181699607226695
5.5 6.01252016803531 0.182197580849522
5.6 6.13116490305955 0.182475145924359
5.7 6.25442289116684 0.182877862314788
5.8 6.36847672581953 0.183002204764897
5.9 6.4866455386076 0.183238574536907
6 6.60547114138561 0.183485309482903
6.1 6.72759344636901 0.183814028589287
6.2 6.84478693624014 0.18399964882363
6.3 6.96890033221681 0.184362442651209
6.4 7.0805297150629 0.184388794663068
6.5 7.19554355179819 0.184501116712746
6.6 7.31494418718571 0.184720812807692
6.7 7.43040994622019 0.184836068313908
6.8 7.53902971587531 0.184780140094956
6.9 7.64069620512895 0.184557879350914
7 7.74205593866993 0.184334665206401
7.1 7.84283614618818 0.184104134887021
7.2 7.95412508619126 0.184123265884031
7.3 8.09013634414097 0.184706309226937
7.4 8.23289114169092 0.185425476164185
7.5 8.35090632686108 0.185575696152444
7.6 8.47481451430436 0.185851195489106
7.7 8.60430377254289 0.186240341397008
7.8 8.73228768103007 0.18658734361173
7.9 8.86347986521614 0.186993246101583
8 8.97076768739335 0.186890993487338
8.1 9.08352449688705 0.186903796232221
8.2 9.21423372589533 0.187281173290533
8.3 9.34545216481079 0.18765968202429
8.4 9.47631405902067 0.188022104345626
8.5 9.60215407729355 0.188277530927302
8.6 9.70288976586819 0.188040499338509
8.7 9.81866404495609 0.188097012355459
8.8 9.93524303476295 0.188167481718974
8.9 10.0509458884071 0.188219960457041
9 10.164179428682 0.188225544975572
9.1 10.2825575447966 0.188325229758159
9.2 10.4059639831679 0.18851384027476
9.3 10.5395998833218 0.18888171833908
9.4 10.6402656458685 0.188657192302613
9.5 10.733645594044 0.188309571825314
9.6 10.8371221308215 0.188144481437854
9.7 10.9600668561217 0.188317299933343
9.8 11.0790816355618 0.188419755706814
9.9 11.1998616618274 0.188549859626705
10 11.3121048308923 0.188535080514853
Diffusivity estimate (MSD): 0.188535080514853
