# Fix print output for fix print_msd
0 0 0
0.1 0.0362140585977552 0.0603567643289884
0.2 0.109288770713219 0.0910739755938938
0.3 0.190460661482587 0.105811478601085
0.4 0.277952940374061 0.115813725155569
0.5 0.368655557678389 0.122885185892551
0.6 0.457881818246609 0.127189393957179
0.7 0.548799215925341 0.130666479982037
0.8 0.642453186233675 0.133844413798515
0.9 0.73698118094842 0.136477996471778
1 0.831259833167021 0.138543305527698
1.1 0.927965409899658 0.140600819681639
1.2 1.02869044406351 0.14287367278648
1.3 1.12883909282513 0.144722960618495
1.4 1.22791385132271 0.146180220395456
1.5 1.33102306859478 0.147891452065988
1.6 1.43185112509623 0.149151158864097
1.7 1.53175526725044 0.150172085024465
1.8 1.62700048002262 0.150648192594603
1.9 1.72512911462566 0.151327115317961
2 1.82857857604523 0.152381548003693
2.1 1.93298095842602 0.153411187176595
2.2 2.03086935872064 0.153853739296948
2.3 2.13243422146998 0.154524218947033
2.4 2.24634878038087 0.15599644308194
2.5 2.35798577674826 0.157199051783154
2.6 2.46487338301108 0.158004704039111
2.7 2.57257727934927 0.158801066626439
2.8 2.67603329428033 0.159287696088058
2.9 2.78252714602681 0.159915353219876
3 2.88651566656364 0.160361981475704
3.1 2.98451917261225 0.160458020032865
3.2 3.08121964040725 0.160480189604494
3.3 3.18427212215749 0.16082182435134
3.4 3.2889547985017 0.16122327443631
3.5 3.39113187480445 0.161482470228737
3.6 3.49344685369037 0.161733650633768
3.7 3.60121647683679 0.162216958416028
3.8 3.7111964294909 0.162771773223242
3.9 3.82381070130844 0.163410713731088
4 3.93096033397764 0.163790013915694
4.1 4.03460352831282 0.164008273508611
4.2 4.13965221308499 0.164271913217619
4.3 4.24638389796077 0.164588523176736
4.4 4.35352939780575 0.164906416583514
4.5 4.45827886959267 0.165121439614507
4.6 4.5720869068896 0.165655322713355
4.7 4.67761604523075 0.16587290940531
4.8 4.77701136380691 0.16586845013215
4.9 4.88736054279959 0.166236753156415
5 5.0002925096533 0.16667641698841
5.1 5.11377974754861 0.167116985213974
5.2 5.21671276315606 0.167202332152406
5.3 5.32243498159158 0.167372169232408
5.4 5.4132081004309 0.167074324087343
5.5 5.50215682003959 0.166732024849654
5.6 5.60488585599934 0.16681207904757
5.7 5.71534304205477 0.167115293627303
5.8 5.81422656440559 0.167075475988638
5.9 5.91584964684901 0.167114396803616
6 6.01328197715273 0.167035610476437
6.1 6.11499599284075 0.167076393246988
6.2 6.21656730905979 0.167112024437064
6.3 6.31037790675674 0.166941214464438
6.4 6.39378092659054 0.166504711629936
6.5 6.48705040972084 0.166334625890252
6.6 6.58196897938109 0.166211337863134
6.7 6.68462090714634 0.166284102167795
6.8 6.79900030427855 0.166642164320528
6.9 6.90664275099765 0.166827119589291
7 7.00468913167352 0.16677831265887
7.1 7.10981367339906 0.166897034586809
7.2 7.20901325247283 0.166875306770181
7.3 7.3094502658719 0.166882426161436
7.4 7.41382822178627 0.166978113103272
7.5 7.51510270603502 0.167002282356312
7.6 7.60984610674664 0.166882590060211
7.7 7.72088070969605 0.167118630079979
7.8 7.82766402101943 0.167257778226889
7.9 7.92897717423186 0.167277999456347
8 8.02191384555262 0.167123205115659
8.1 8.09639943601677 0.166592580987979
8.2 8.19013717575379 0.166466202759203
8.3 8.30364642039197 0.166739887959658
8.4 8.40875262941475 0.166840329948685
8.5 8.49983638085216 0.166663458448062
8.6 8.60278340098234 0.16672060854615
8.7 8.71171230244608 0.166891040276726
8.8 8.81687185981199 0.166986209466117
8.9 8.91953329622753 0.167032458730834
9 9.0241434932105 0.167113768392768
9.1 9.13988746863519 0.167397206385241
9.2 9.24650893393562 0.167509219817656
9.3 9.34594152924647 0.167489991563539
9.4 9.45673694315183 0.167672640836007
9.5 9.57747890533269 0.168025945707573
9.6 9.69355700772514 0.168290920272988
9.7 9.79436574495136 0.168288071219078
9.8 9.90034287709154 0.168373178181812
9.9 10.010699033026 0.168530286751262
10 10.1122031667005 0.168536719444991
Diffusivity estimate (MSD): 0.168536719444991
