# Fix print output for fix print_msd
0 0 0
0.1 0.0375602873354942 0.0626004788918643
0.2 0.115398818764379 0.0961656823031683
0.3 0.20170246945326 0.11205692747366
0.4 0.292911931881561 0.122046638283679
0.5 0.387164557682339 0.129054852560522
0.6 0.485736538708739 0.134926816307758
0.7 0.587886084782863 0.139972877329053
0.8 0.691429750525815 0.144047864692698
0.9 0.800328707602992 0.148209019926315
1 0.906974467232403 0.151162411205249
1.1 1.01350551891635 0.153561442259913
1.2 1.12079712854024 0.155666267852681
1.3 1.22291934151187 0.15678453096294
1.4 1.32716503333001 0.157995837301079
1.5 1.42977009032258 0.15886334336907
1.6 1.52927444391798 0.159299421241357
1.7 1.62545274971863 0.159358112717419
1.8 1.72999317159277 0.160184552925167
1.9 1.83959905314197 0.161368337994825
2 1.94810726250948 0.162342271875709
2.1 2.05424142427179 0.163035033672287
2.2 2.16381240084664 0.163925181882247
2.3 2.27069860682355 0.164543377305983
2.4 2.38116909076912 0.165358964636676
2.5 2.4998945947045 0.1666596396469
2.6 2.61595215403709 0.167689240643339
2.7 2.72046121082834 0.167929704372058
2.8 2.83555290941409 0.168782911274588
2.9 2.95555339918563 0.169859390757736
3 3.06592977580069 0.17032943198887
3.1 3.17877724991217 0.170902002683395
3.2 3.29857776069328 0.171800925036055
3.3 3.40999074454369 0.172221754774882
3.4 3.51912154189787 0.172505957936119
3.5 3.62556045830468 0.172645736109697
3.6 3.74197988998377 0.173239809721423
3.7 3.86480577382609 0.174090350172299
3.8 3.97826340957253 0.174485237261907
3.9 4.08366525697544 0.17451560927241
4 4.1840211445958 0.174334214358115
4.1 4.28698598298001 0.174267722885324
4.2 4.39140863863214 0.174262247564726
4.3 4.49662599171619 0.174287829136246
4.4 4.59182018510188 0.173932582768971
4.5 4.68922000608601 0.173674815040184
4.6 4.78639245079804 0.173420016333225
4.7 4.88698553324918 0.17329735933504
4.8 4.99479140582426 0.17343025714664
4.9 5.11330961191996 0.173922095643501
5 5.23809539917209 0.174603179972368
5.1 5.35890385109249 0.175127576833054
5.2 5.47099357606303 0.175352358207115
5.3 5.5823364621719 0.175545171766379
5.4 5.70569804840861 0.176101791617517
5.5 5.8338096386412 0.176782110261822
5.6 5.94980626457869 0.177077567398144
5.7 6.05751642940069 0.177120363432738
5.8 6.16076261124622 0.177033408369114
5.9 6.2703260951163 0.177127855794216
6 6.38166107476954 0.177268363188013
6.1 6.49202301333155 0.177377677959849
6.2 6.59758703053643 0.177354490068155
6.3 6.71672418060841 0.177691115889083
6.4 6.84339531861183 0.178213419755489
6.5 6.95577612457934 0.178353233963545
6.6 7.05996289094679 0.178281891185498
6.7 7.15851367791691 0.178072479550145
6.8 7.27206832710608 0.178236968801593
6.9 7.38485621823223 0.178378169522492
7 7.50442291836328 0.178676736151481
7.1 7.61911687275339 0.178852508750054
7.2 7.73027306214124 0.178941506068059
7.3 7.85212269329311 0.179272207609407
7.4 7.98577760351892 0.179859855935086
7.5 8.11796118309348 0.180399137402053
7.6 8.23420043046121 0.180574570843424
7.7 8.3499260670692 0.18073433045602
7.8 8.47092571801205 0.181002686282286
7.9 8.58370094503851 0.181090737237076
8 8.70419910277956 0.181337481307885
8.1 8.83344755060289 0.181758180053535
8.2 8.95499513999465 0.182012096341333
8.3 9.07992290887968 0.18232776925459
8.4 9.2030219164411 0.182599641199206
8.5 9.32248253207226 0.18279377513865
8.6 9.44404162016545 0.183024062406286
8.7 9.55455642613599 0.183037479427871
8.8 9.67992744314073 0.183331959150372
8.9 9.79337521663751 0.183396539637386
9 9.89891151637795 0.183313176229201
9.1 10.0081120227903 0.183298754996139
9.2 10.1366291947337 0.183634586861098
9.3 10.2478098977481 0.183652507128082
9.4 10.368694544988 0.18384210186147
9.5 10.5177354647131 0.184521674819509
9.6 10.6638915671109 0.185137006373434
9.7 10.7914476217816 0.185420062229905
9.8 10.9074194901159 0.185500331464537
9.9 11.0121687532392 0.18539004635081
10 11.1189882181127 0.18531647030186
Diffusivity estimate (MSD): 0.18531647030186
