# Fix print output for fix print_msd
0 0 0
0.1 0.0387008063102645 0.0645013438497958
0.2 0.119737651490726 0.0997813762417728
0.3 0.211795094850852 0.117663941583414
0.4 0.311938033183516 0.129974180492807
0.5 0.417426193928504 0.139142064642556
0.6 0.527182186277932 0.14643949618807
0.7 0.638888381841858 0.152116281390701
0.8 0.754760620800058 0.157241795999816
0.9 0.873102548795995 0.161685657184264
1 0.995179512222933 0.16586325203699
1.1 1.11305840315345 0.168645212598854
1.2 1.23081058288885 0.170945914289976
1.3 1.35091465939515 0.173194187101809
1.4 1.47792058635394 0.175942926946772
1.5 1.60683033864773 0.178536704294073
1.6 1.73632494108108 0.180867181362499
1.7 1.86047629621527 0.182399636883743
1.8 1.9836836893111 0.183674415676852
1.9 2.11094681557752 0.185170773296176
2 2.24253211204554 0.186877676003702
2.1 2.3667543056923 0.187837643308823
2.2 2.49188955379234 0.188779511650849
2.3 2.61525255463979 0.18951105468396
2.4 2.72885891150312 0.189504091076527
2.5 2.84542053545968 0.189694702363903
2.6 2.96382308741509 0.189988659449612
2.7 3.09199572827585 0.190863933844118
2.8 3.22182037425539 0.191775022277038
2.9 3.34386477173701 0.192176136306658
3 3.46541950849472 0.19252330602742
3.1 3.58148394736099 0.19255290039569
3.2 3.69215325156931 0.192299648519175
3.3 3.81347933359185 0.192599966342964
3.4 3.92927601701739 0.19261156946158
3.5 4.04224402216417 0.192487810579191
3.6 4.15527981201518 0.19237406537102
3.7 4.27571777981979 0.19259989999183
3.8 4.40996833251708 0.193419663706839
3.9 4.5409309780664 0.194056879404497
4 4.67899865560122 0.194958277316669
4.1 4.80932644900087 0.195501075162589
4.2 4.92690618316316 0.195512150125476
4.3 5.05745411532049 0.19602535330695
4.4 5.18063726150462 0.196236259905433
4.5 5.3007391702557 0.19632367297239
4.6 5.43471412647007 0.196909932118438
4.7 5.58460551766814 0.198035656654856
4.8 5.71653263342993 0.198490716438498
4.9 5.85179770469288 0.199040738254819
5 5.99030351835882 0.199676783945254
5.1 6.11123115286553 0.199713436368115
5.2 6.23369196097935 0.19979781926212
5.3 6.34039071943093 0.19938335595691
5.4 6.45563985999287 0.199248143826904
5.5 6.585129999131 0.199549393913024
5.6 6.7205198433434 0.200015471528042
5.7 6.86088260529434 0.200610602493951
5.8 7.00236034269111 0.201217251226721
5.9 7.12805345219644 0.201357442152408
6 7.25118407624247 0.201421779895591
6.1 7.38402391644288 0.201749287334472
6.2 7.51210836461271 0.201938396898159
6.3 7.64299851374813 0.202195727876903
6.4 7.77881831386965 0.202573393590324
6.5 7.89789362908585 0.202510093053452
6.6 8.00731091246909 0.202204821021916
6.7 8.12557704460065 0.202128782203966
6.8 8.23300843677116 0.201789422469852
6.9 8.32936251738109 0.201192331337678
7 8.42758023122006 0.200656672171878
7.1 8.5261405474489 0.200144144306284
7.2 8.63250741811222 0.199826560604422
7.3 8.74540844884517 0.199666859562648
7.4 8.85848157895975 0.199515350877445
7.5 8.97321053354586 0.199404678523215
7.6 9.10614787033792 0.199696225226683
7.7 9.24782041585445 0.200169273070417
7.8 9.38890507050811 0.200617629711686
7.9 9.50881895822921 0.200607994899325
8 9.6366616784778 0.200763784968262
8.1 9.76022933614947 0.200827764118277
8.2 9.87710053831351 0.200754075981957
8.3 10.0088662896588 0.200981250796337
8.4 10.1413857081379 0.201217970399538
8.5 10.2797816154345 0.201564345400653
8.6 10.4295951167764 0.202123936371612
8.7 10.5723723044296 0.202535867900927
8.8 10.727565292647 0.203173585087988
8.9 10.88453206893 0.203830188556719
9 11.0114177759347 0.203915143998768
9.1 11.1428699998882 0.204081868129798
9.2 11.2734954675067 0.20422999035336
9.3 11.4040076191055 0.204372896399718
9.4 11.5288843039849 0.204412842269214
9.5 11.660766538264 0.20457485154847
9.6 11.7974081878049 0.204816114371592
9.7 11.9331906151777 0.205037639436022
9.8 12.0762011563586 0.20537757068635
9.9 12.2041161588909 0.205456500991409
10 12.3322016100271 0.205536693500431
Diffusivity estimate (MSD): 0.205536693500431
