# Fix print output for fix print_msd
0 0 0
0.1 0.0366143461841839 0.0610239103063629
0.2 0.117390316323576 0.0978252636024909
0.3 0.212160175067478 0.117866763925984
0.4 0.31712194469375 0.132134143622065
0.5 0.427754150150304 0.142584716716483
0.6 0.54114400363642 0.150317778787644
0.7 0.657509868788712 0.156549968758993
0.8 0.770969831099606 0.160618714812217
0.9 0.884340271043785 0.163766716859778
1 1.00235413733065 0.167059022888275
1.1 1.11524659718269 0.168976757148739
1.2 1.23311264091584 0.171265644571502
1.3 1.35542756752466 0.17377276506713
1.4 1.47516691356655 0.175615108757797
1.5 1.59041476080077 0.176712751199968
1.6 1.71300635980974 0.17843816248007
1.7 1.84161287608655 0.180550281969163
1.8 1.97210500693804 0.182602315457124
1.9 2.09966946262004 0.184181531808679
2 2.23385650965365 0.186154709137711
2.1 2.37103363945157 0.188177272972257
2.2 2.50530090691629 0.189795523251148
2.3 2.63650174404134 0.191050851017405
2.4 2.7665810827771 0.192123686303885
2.5 2.89090325497355 0.192726883664826
2.6 3.00983596677386 0.19293820299825
2.7 3.13206795015052 0.193337527786998
2.8 3.25144408954827 0.193538338663518
2.9 3.36991211727004 0.193673110187867
3 3.4908575138358 0.193936528546369
3.1 3.61535285788395 0.194373809563591
3.2 3.75065526311445 0.19534662828715
3.3 3.88296011200791 0.196109096565997
3.4 4.00622870565837 0.196383760081235
3.5 4.1370597699322 0.197002846187191
3.6 4.26360157129328 0.197388961633893
3.7 4.39285516282369 0.197876358685698
3.8 4.5188110469795 0.198193466972733
3.9 4.63977864895449 0.198281138844158
4 4.76629858958633 0.198595774566047
4.1 4.89191604654267 0.19885837587567
4.2 5.01898729068884 0.199166162328875
4.3 5.15047174140772 0.199630687651416
4.4 5.2857453399122 0.20021762651178
4.5 5.41495111810646 0.20055374511501
4.6 5.53306732787811 0.200473453908584
4.7 5.65945102624412 0.20068975270365
4.8 5.78859066225058 0.200992731328103
4.9 5.91721804925272 0.201265920042568
5 6.03793517140057 0.201264505713312
5.1 6.14653512914418 0.200867161083104
5.2 6.2627419808543 0.200728909642727
5.3 6.38812296755544 0.200884370048875
5.4 6.51317671286632 0.201023972619294
5.5 6.63975784094047 0.201204783058766
5.6 6.77333407368338 0.201587323621493
5.7 6.9035945658324 0.201859490228982
5.8 7.0331974048727 0.202103373703204
5.9 7.16015850340818 0.202264364503022
6 7.27762913418273 0.202156364838375
6.1 7.38506983946478 0.201777864466218
6.2 7.49612588020861 0.201508760220629
6.3 7.62238613686129 0.20165042690106
6.4 7.75276361407136 0.201894885783077
6.5 7.88414266733389 0.202157504290581
6.6 8.01491345406785 0.202396804395622
6.7 8.14625345525914 0.20264312077756
6.8 8.28047507606066 0.202952820491653
6.9 8.4183847930725 0.203342627851963
7 8.55692558244472 0.203736323391512
7.1 8.69107012057827 0.204015730529978
7.2 8.81851506986782 0.204132293283949
7.3 8.96058840944498 0.204579644051227
7.4 9.10494071554877 0.205066232332152
7.5 9.24552852712132 0.205456189491558
7.6 9.39558561879945 0.206043544271891
7.7 9.54103621537087 0.206515935397611
7.8 9.67536674697751 0.206738605704621
7.9 9.81524621394225 0.207072704935464
8 9.95519023123471 0.207399796484031
8.1 10.076289106428 0.207331051572567
8.2 10.2110639213616 0.207541949621145
8.3 10.3572276310544 0.207976458454883
8.4 10.506250435265 0.208457349906027
8.5 10.6419082862629 0.208664868358072
8.6 10.7661361314484 0.208646049059053
8.7 10.9012356809136 0.208835932584528
8.8 11.0393164485976 0.209077963041597
8.9 11.1662002391987 0.209104873393211
9 11.2849291208766 0.208980168905099
9.1 11.396982131517 0.208735936474647
9.2 11.509313311033 0.208502052736082
9.3 11.648821045595 0.208760233792003
9.4 11.7892231438676 0.209028779146566
9.5 11.9235267569936 0.209184679947234
9.6 12.0446458285262 0.209108434523003
9.7 12.1600909465602 0.208936270559432
9.8 12.2732041190632 0.208727961208536
9.9 12.3826565651333 0.20846223173623
10 12.498751524973 0.208312525416196
Diffusivity estimate (MSD): 0.208312525416196
